<?xml version="1.0" encoding="UTF-8"?>
<!-- Generated by org.testng.reporters.JUnitXMLReporter -->
<testsuite ignored="0" hostname="95WPP13" failures="1" tests="4" name="Test" time="28.333" errors="0" timestamp="2020-11-13T01:38:28 IST">
  <testcase classname="Academy.validateNavigateBar" name="basePageNavigation" time="6.598"/>
  <testcase classname="Academy.HomePage" name="basePageNavigation" time="8.042"/>
  <testcase classname="Academy.HomePage" name="basePageNavigation" time="7.646"/>
  <testcase classname="Academy.validateTitle" name="basePageNavigation" time="6.018">
    <failure type="junit.framework.ComparisonFailure" message="expected:&amp;lt;...eatured Courses123&amp;gt; but was:&amp;lt;...EATURED COURSES&amp;gt;">
      <![CDATA[junit.framework.ComparisonFailure: expected:<...eatured Courses123> but was:<...EATURED COURSES>
at junit.framework.Assert.assertEquals(Assert.java:81)
at junit.framework.Assert.assertEquals(Assert.java:87)
at Academy.validateTitle.basePageNavigation(validateTitle.java:29)
at java.base/java.util.ArrayList.forEach(ArrayList.java:1541)
... Removed 27 stack frames]]>
    </failure>
  </testcase> <!-- basePageNavigation -->
</testsuite> <!-- Test -->
