<?xml version="1.0" encoding="UTF-8"?>
<!-- Generated by org.testng.reporters.JUnitXMLReporter -->
<testsuite ignored="0" hostname="95WPP13" failures="0" tests="4" name="Test" time="50.232" errors="0" timestamp="2020-11-13T20:12:06 IST">
  <testcase classname="Academy.validateNavigateBar" name="basePageNavigation" time="0.097"/>
  <testcase classname="Academy.HomePage" name="basePageNavigation" time="7.226"/>
  <testcase classname="Academy.HomePage" name="basePageNavigation" time="2.094"/>
  <testcase classname="Academy.validateTitle" name="basePageNavigation" time="0.032"/>
</testsuite> <!-- Test -->
