<?xml version="1.0" encoding="UTF-8"?>
<testsuite xmlns:xsi="http://www.w3.org/2001/XMLSchema-instance" xsi:noNamespaceSchemaLocation="https://maven.apache.org/surefire/maven-surefire-plugin/xsd/surefire-test-report-3.0.xsd" version="3.0" name="TestSuite" time="30.061" tests="4" errors="0" skipped="0" failures="0">
  <properties>
[...]
</properties>
  <testcase name="pageNavigationBaseFeomValidateTitle" classname="Academy.validateTitle" time="0.049">
    <system-out><![CDATA[chrome
chrome
chrome
]]></system-out>
    <system-err><![CDATA[Starting ChromeDriver 85.0.4183.87 (cd6713ebf92fa1cacc0f1a598df280093af0c5d7-refs/branch-heads/4183@{#1689}) on port 21577
Only local connections are allowed.
Please see https://chromedriver.chromium.org/security-considerations for suggestions on keeping ChromeDriver safe.
Starting ChromeDriver 85.0.4183.87 (cd6713ebf92fa1cacc0f1a598df280093af0c5d7-refs/branch-heads/4183@{#1689}) on port 40300
Only local connections are allowed.
Please see https://chromedriver.chromium.org/security-considerations for suggestions on keeping ChromeDriver safe.
ChromeDriver was started successfully.
ChromeDriver was started successfully.
Starting ChromeDriver 85.0.4183.87 (cd6713ebf92fa1cacc0f1a598df280093af0c5d7-refs/branch-heads/4183@{#1689}) on port 24027
Only local connections are allowed.
Please see https://chromedriver.chromium.org/security-considerations for suggestions on keeping ChromeDriver safe.
ChromeDriver was started successfully.
[1605505602.133][WARNING]: This version of ChromeDriver has not been tested with Chrome version 86.
[1605505602.302][WARNING]: This version of ChromeDriver has not been tested with Chrome version 86.
[1605505602.399][WARNING]: This version of ChromeDriver has not been tested with Chrome version 86.
Nov 16, 2020 11:16:44 AM org.openqa.selenium.remote.ProtocolHandshake createSession
INFO: Detected dialect: W3C
Nov 16, 2020 11:16:44 AM org.openqa.selenium.remote.ProtocolHandshake createSession
INFO: Detected dialect: W3C
Nov 16, 2020 11:16:44 AM org.openqa.selenium.remote.ProtocolHandshake createSession
INFO: Detected dialect: W3C
]]></system-err>
  </testcase>
  <testcase name="pageNavigationbaseFromValidateNavigate" classname="Academy.validateNavigateBar" time="0.083"/>
  <testcase name="pageNavigationBaseFromHome[nonrestricteduser@ssd.com, 123456, restricteduser](1)" classname="Academy.HomePage" time="2.694"/>
  <testcase name="pageNavigationBaseFromHome[restricteduer@cdc.com, 32323, non restricted usr](2)" classname="Academy.HomePage" time="2.248"/>
</testsuite>