<?xml version="1.0" encoding="UTF-8"?>
<testng-results ignored="0" total="2" passed="2" failed="0" skipped="0">
  <reporter-output>
  </reporter-output>
  <suite started-at="2020-11-16T11:15:04 IST" name="Default suite" finished-at="2020-11-16T11:15:19 IST" duration-ms="15224">
    <groups>
    </groups>
    <test started-at="2020-11-16T11:15:04 IST" name="Default test" finished-at="2020-11-16T11:15:19 IST" duration-ms="15224">
      <class name="Academy.HomePage">
        <test-method is-config="true" signature="initialize1()[pri:0, instance:Academy.HomePage@f73dcd6]" started-at="2020-11-16T11:15:04 IST" name="initialize1" finished-at="2020-11-16T11:15:07 IST" duration-ms="3673" status="PASS">
          <reporter-output>
          </reporter-output>
        </test-method> <!-- initialize1 -->
        <test-method signature="pageNavigationBaseFromHome(java.lang.String, java.lang.String, java.lang.String)[pri:0, instance:Academy.HomePage@f73dcd6]" started-at="2020-11-16T11:15:07 IST" name="pageNavigationBaseFromHome" data-provider="getDataToTC" finished-at="2020-11-16T11:15:17 IST" duration-ms="9305" status="PASS">
          <params>
            <param index="0">
              <value>
                <![CDATA[nonrestricteduser@ssd.com]]>
              </value>
            </param>
            <param index="1">
              <value>
                <![CDATA[123456]]>
              </value>
            </param>
            <param index="2">
              <value>
                <![CDATA[restricteduser]]>
              </value>
            </param>
          </params>
          <reporter-output>
          </reporter-output>
        </test-method> <!-- pageNavigationBaseFromHome -->
        <test-method signature="pageNavigationBaseFromHome(java.lang.String, java.lang.String, java.lang.String)[pri:0, instance:Academy.HomePage@f73dcd6]" started-at="2020-11-16T11:15:17 IST" name="pageNavigationBaseFromHome" data-provider="getDataToTC" finished-at="2020-11-16T11:15:19 IST" duration-ms="2110" status="PASS">
          <params>
            <param index="0">
              <value>
                <![CDATA[restricteduer@cdc.com]]>
              </value>
            </param>
            <param index="1">
              <value>
                <![CDATA[32323]]>
              </value>
            </param>
            <param index="2">
              <value>
                <![CDATA[non restricted usr]]>
              </value>
            </param>
          </params>
          <reporter-output>
          </reporter-output>
        </test-method> <!-- pageNavigationBaseFromHome -->
        <test-method is-config="true" signature="teardown()[pri:0, instance:Academy.HomePage@f73dcd6]" started-at="2020-11-16T11:15:19 IST" name="teardown" finished-at="2020-11-16T11:15:19 IST" duration-ms="91" status="PASS">
          <reporter-output>
          </reporter-output>
        </test-method> <!-- teardown -->
      </class> <!-- Academy.HomePage -->
    </test> <!-- Default test -->
  </suite> <!-- Default suite -->
</testng-results>
